<?xml version="1.0" encoding="UTF-8"?>
<!-- Generated by org.testng.reporters.JUnitXMLReporter -->
<testsuite ignored="0" hostname="DESKTOP-A7UMFTD" failures="0" tests="4" name="Test" time="29.778" errors="0" timestamp="2021-04-19T22:36:11 IST">
  <testcase classname="Academy.validateText" name="basePageNavigation" time="6.735"/>
  <testcase classname="Academy.validateNavBar" name="basePageNavigation" time="5.657"/>
  <testcase classname="Academy.HomePage" name="basePageNavigation" time="6.19"/>
  <testcase classname="Academy.HomePage" name="basePageNavigation" time="3.365"/>
</testsuite> <!-- Test -->
