<?xml version="1.0" encoding="UTF-8"?>
<!-- Generated by org.testng.reporters.JUnitXMLReporter -->
<testsuite ignored="0" hostname="DESKTOP-A7UMFTD" failures="0" tests="4" name="Test" time="27.281" errors="0" timestamp="2021-04-20T10:24:22 IST">
  <testcase classname="Academy.validateText" name="basePageNavigation" time="6.52"/>
  <testcase classname="Academy.validateNavBar" name="basePageNavigation" time="3.515"/>
  <testcase classname="Academy.HomePage" name="basePageNavigation" time="6.781"/>
  <testcase classname="Academy.HomePage" name="basePageNavigation" time="3.176"/>
</testsuite> <!-- Test -->
