<?xml version="1.0" encoding="UTF-8"?>
<testsuite xmlns:xsi="http://www.w3.org/2001/XMLSchema-instance" xsi:noNamespaceSchemaLocation="https://maven.apache.org/surefire/maven-surefire-plugin/xsd/surefire-test-report-3.0.xsd" version="3.0" name="TestSuite" time="32.61" tests="5" errors="0" skipped="0" failures="0">
  <properties>
[...]
</properties>
  <testcase name="validateAppTitle" classname="Academy.validateText" time="13.329">
    <system-out><![CDATA[------In the base File------------
------In the base File------------
chrome
chrome
------In the base File------------
chrome
12:35:21.666 [TestNG-tests-2] INFO  Academy.validateNavBar - Driver is Initialized
12:35:23.016 [TestNG-tests-1] INFO  Academy.validateText - Driver is Initialized
12:35:25.903 [TestNG-tests-3] INFO  Academy.HomePage - Driver is Initialized
12:35:38.910 [TestNG-tests-1] INFO  Academy.validateText - Successfully navigaged to validateAppTitle page
12:35:39.218 [TestNG-tests-1] INFO  Academy.validateText - Successfully validated text message in ValidateAppTitle
]]></system-out>
    <system-err><![CDATA[Starting ChromeDriver 89.0.4389.23 (61b08ee2c50024bab004e48d2b1b083cdbdac579-refs/branch-heads/4389@{#294}) on port 38948
Only local connections are allowed.
Please see https://chromedriver.chromium.org/security-considerations for suggestions on keeping ChromeDriver safe.
ChromeDriver was started successfully.
Starting ChromeDriver 89.0.4389.23 (61b08ee2c50024bab004e48d2b1b083cdbdac579-refs/branch-heads/4389@{#294}) on port 25254
Only local connections are allowed.
Please see https://chromedriver.chromium.org/security-considerations for suggestions on keeping ChromeDriver safe.
Starting ChromeDriver 89.0.4389.23 (61b08ee2c50024bab004e48d2b1b083cdbdac579-refs/ChromeDriver wbasr satanrcthe-dh esaudcsc/e4s3s8ful9ly@.{#
294}) on port 39492
Only local connections are allowed.
Please see https://chromedriver.chromium.org/security-considerations for suggestions on keeping ChromeDriver safe.
ChromeDriver was started successfully.
Apr 30, 2021 12:35:21 PM org.openqa.selenium.remote.ProtocolHandshake createSession
INFO: Detected dialect: W3C
Apr 30, 2021 12:35:23 PM org.openqa.selenium.remote.ProtocolHandshake createSession
INFO: Detected dialect: W3C
Apr 30, 2021 12:35:25 PM org.openqa.selenium.remote.ProtocolHandshake createSession
INFO: Detected dialect: W3C
]]></system-err>
  </testcase>
  <testcase name="validateHeader" classname="Academy.validateText" time="0.087">
    <system-out><![CDATA[12:35:39.318 [TestNG-tests-1] INFO  Academy.validateText - Successfully validated text message in validateHeader
]]></system-out>
  </testcase>
  <testcase name="validateAppNavBar" classname="Academy.validateNavBar" time="1.869">
    <system-out><![CDATA[12:35:40.978 [TestNG-tests-2] INFO  Academy.validateNavBar - Successfully navigaged to home page
12:35:41.105 [TestNG-tests-2] INFO  Academy.validateNavBar - Navigation bar displayed
]]></system-out>
  </testcase>
  <testcase name="basePageNavigation[user1@gmail.com, 123456, restircted user1](1)" classname="Academy.HomePage" time="5.32">
    <system-out><![CDATA[12:35:41.200 [TestNG-tests-1] INFO  Academy.validateText - Driver is Closed
12:35:42.977 [TestNG-tests-2] INFO  Academy.validateNavBar - Driver is Closed
12:35:44.029 [TestNG-tests-3] INFO  Academy.HomePage - Log Button clicked
12:35:44.166 [TestNG-tests-3] INFO  Academy.HomePage - Email id filled
12:35:44.290 [TestNG-tests-3] INFO  Academy.HomePage - Password filled
12:35:44.291 [TestNG-tests-3] INFO  Academy.HomePage - restircted user1
12:35:44.522 [TestNG-tests-3] INFO  Academy.HomePage - LoginButton clicked
]]></system-out>
  </testcase>
  <testcase name="basePageNavigation[user2@gmail.com, 12345678, restircted user2](2)" classname="Academy.HomePage" time="3.237">
    <system-out><![CDATA[12:35:47.228 [TestNG-tests-3] INFO  Academy.HomePage - Log Button clicked
12:35:47.392 [TestNG-tests-3] INFO  Academy.HomePage - Email id filled
12:35:47.535 [TestNG-tests-3] INFO  Academy.HomePage - Password filled
12:35:47.535 [TestNG-tests-3] INFO  Academy.HomePage - restircted user2
12:35:47.734 [TestNG-tests-3] INFO  Academy.HomePage - LoginButton clicked
]]></system-out>
  </testcase>
</testsuite>