<?xml version="1.0" encoding="UTF-8"?>
<testng-results ignored="0" total="5" passed="5" failed="0" skipped="0">
  <reporter-output>
  </reporter-output>
  <suite started-at="2021-04-30T12:35:18 IST" name="Suite" finished-at="2021-04-30T12:35:49 IST" duration-ms="30532">
    <groups>
    </groups>
    <test started-at="2021-04-30T12:35:18 IST" name="ValidateText" finished-at="2021-04-30T12:35:41 IST" duration-ms="22600">
      <class name="Academy.validateText">
        <test-method is-config="true" signature="initialize()[pri:0, instance:Academy.validateText@21362712]" started-at="2021-04-30T12:35:18 IST" name="initialize" finished-at="2021-04-30T12:35:23 IST" duration-ms="4410" status="PASS">
          <reporter-output>
          </reporter-output>
        </test-method> <!-- initialize -->
        <test-method signature="validateAppTitle()[pri:0, instance:Academy.validateText@21362712]" started-at="2021-04-30T12:35:23 IST" name="validateAppTitle" finished-at="2021-04-30T12:35:39 IST" duration-ms="16199" status="PASS">
          <reporter-output>
          </reporter-output>
        </test-method> <!-- validateAppTitle -->
        <test-method signature="validateHeader()[pri:0, instance:Academy.validateText@21362712]" started-at="2021-04-30T12:35:39 IST" name="validateHeader" finished-at="2021-04-30T12:35:39 IST" duration-ms="90" status="PASS">
          <reporter-output>
          </reporter-output>
        </test-method> <!-- validateHeader -->
        <test-method is-config="true" signature="teardown()[pri:0, instance:Academy.validateText@21362712]" started-at="2021-04-30T12:35:39 IST" name="teardown" finished-at="2021-04-30T12:35:41 IST" duration-ms="1875" status="PASS">
          <reporter-output>
          </reporter-output>
        </test-method> <!-- teardown -->
      </class> <!-- Academy.validateText -->
    </test> <!-- ValidateText -->
    <test started-at="2021-04-30T12:35:18 IST" name="Validate NavBar" finished-at="2021-04-30T12:35:42 IST" duration-ms="24377">
      <class name="Academy.validateNavBar">
        <test-method is-config="true" signature="initialize()[pri:0, instance:Academy.validateNavBar@677dbd89]" started-at="2021-04-30T12:35:18 IST" name="initialize" finished-at="2021-04-30T12:35:21 IST" duration-ms="3063" status="PASS">
          <reporter-output>
          </reporter-output>
        </test-method> <!-- initialize -->
        <test-method signature="validateAppNavBar()[pri:0, instance:Academy.validateNavBar@677dbd89]" started-at="2021-04-30T12:35:21 IST" name="validateAppNavBar" finished-at="2021-04-30T12:35:41 IST" duration-ms="19397" status="PASS">
          <reporter-output>
          </reporter-output>
        </test-method> <!-- validateAppNavBar -->
        <test-method is-config="true" signature="teardown()[pri:0, instance:Academy.validateNavBar@677dbd89]" started-at="2021-04-30T12:35:41 IST" name="teardown" finished-at="2021-04-30T12:35:42 IST" duration-ms="1871" status="PASS">
          <reporter-output>
          </reporter-output>
        </test-method> <!-- teardown -->
      </class> <!-- Academy.validateNavBar -->
    </test> <!-- Validate NavBar -->
    <test started-at="2021-04-30T12:35:18 IST" name="Home Page" finished-at="2021-04-30T12:35:49 IST" duration-ms="30532">
      <class name="Academy.HomePage">
        <test-method is-config="true" signature="initialize()[pri:0, instance:Academy.HomePage@525d79f0]" started-at="2021-04-30T12:35:18 IST" name="initialize" finished-at="2021-04-30T12:35:25 IST" duration-ms="7295" status="PASS">
          <reporter-output>
          </reporter-output>
        </test-method> <!-- initialize -->
        <test-method signature="basePageNavigation(java.lang.String,java.lang.String,java.lang.String)[pri:0, instance:Academy.HomePage@525d79f0]" started-at="2021-04-30T12:35:25 IST" name="basePageNavigation" data-provider="getData" finished-at="2021-04-30T12:35:44 IST" duration-ms="18614" status="PASS">
          <params>
            <param index="0">
              <value>
                <![CDATA[user1@gmail.com]]>
              </value>
            </param>
            <param index="1">
              <value>
                <![CDATA[123456]]>
              </value>
            </param>
            <param index="2">
              <value>
                <![CDATA[restircted user1]]>
              </value>
            </param>
          </params>
          <reporter-output>
          </reporter-output>
        </test-method> <!-- basePageNavigation -->
        <test-method signature="basePageNavigation(java.lang.String,java.lang.String,java.lang.String)[pri:0, instance:Academy.HomePage@525d79f0]" started-at="2021-04-30T12:35:44 IST" name="basePageNavigation" data-provider="getData" finished-at="2021-04-30T12:35:47 IST" duration-ms="3208" status="PASS">
          <params>
            <param index="0">
              <value>
                <![CDATA[user2@gmail.com]]>
              </value>
            </param>
            <param index="1">
              <value>
                <![CDATA[12345678]]>
              </value>
            </param>
            <param index="2">
              <value>
                <![CDATA[restircted user2]]>
              </value>
            </param>
          </params>
          <reporter-output>
          </reporter-output>
        </test-method> <!-- basePageNavigation -->
        <test-method is-config="true" signature="teardown()[pri:0, instance:Academy.HomePage@525d79f0]" started-at="2021-04-30T12:35:47 IST" name="teardown" finished-at="2021-04-30T12:35:49 IST" duration-ms="1397" status="PASS">
          <reporter-output>
          </reporter-output>
        </test-method> <!-- teardown -->
      </class> <!-- Academy.HomePage -->
    </test> <!-- Home Page -->
  </suite> <!-- Suite -->
</testng-results>
