<?xml version="1.0" encoding="UTF-8"?>
<testng-results ignored="0" total="0" passed="0" failed="0" skipped="0">
  <reporter-output>
  </reporter-output>
  <suite started-at="2021-05-17T11:15:08 IST" name="Suite" finished-at="2021-05-17T11:15:08 IST" duration-ms="318">
    <groups>
      <group name="cucumber">
        <method signature="AbstractTestNGCucumberTests.runScenario(io.cucumber.testng.PickleWrapper, io.cucumber.testng.FeatureWrapper)[pri:0, instance:cucumberoptions.TestRunner@4196c360]" name="runScenario" class="io.cucumber.testng.AbstractTestNGCucumberTests"/>
      </group> <!-- cucumber -->
    </groups>
    <test started-at="2021-05-17T11:15:08 IST" name="Validating User login" finished-at="2021-05-17T11:15:08 IST" duration-ms="318">
      <class name="cucumberoptions.TestRunner">
        <test-method is-config="true" signature="setUpClass()[pri:0, instance:cucumberoptions.TestRunner@4196c360]" started-at="2021-05-17T11:15:08 IST" name="setUpClass" finished-at="2021-05-17T11:15:08 IST" duration-ms="266" status="PASS">
          <reporter-output>
          </reporter-output>
        </test-method> <!-- setUpClass -->
        <test-method is-config="true" signature="tearDownClass()[pri:0, instance:cucumberoptions.TestRunner@4196c360]" started-at="2021-05-17T11:15:08 IST" name="tearDownClass" finished-at="2021-05-17T11:15:08 IST" duration-ms="14" status="PASS">
          <reporter-output>
          </reporter-output>
        </test-method> <!-- tearDownClass -->
      </class> <!-- cucumberoptions.TestRunner -->
    </test> <!-- Validating User login -->
  </suite> <!-- Suite -->
</testng-results>
